<?xml version="1.0" encoding="UTF-8"?>
<!-- Generated by org.testng.reporters.JUnitReportReporter -->
<testsuite hostname="DESKTOP-I3L9D04" failures="0" tests="1" name="com.rao.testcases.TestCase1" time="3.082" errors="0" timestamp="2022-01-13T11:03:11 IST" skipped="0">
  <testcase classname="com.rao.testcases.TestCase1" name="loginAsManager" time="3.082"/>
  <system-out/>
</testsuite> <!-- com.rao.testcases.TestCase1 -->
