<?xml version="1.0" encoding="UTF-8"?>
<!-- Generated by org.testng.reporters.JUnitReportReporter -->
<testsuite hostname="DESKTOP-I3L9D04" failures="0" tests="1" name="com.rao.testcases.BankManagerLogin" time="0.209" errors="0" timestamp="2022-01-17T18:08:56 IST" skipped="0">
  <testcase classname="com.rao.testcases.BankManagerLogin" name="loginAsManager" time="0.209"/>
  <system-out/>
</testsuite> <!-- com.rao.testcases.BankManagerLogin -->
